<?xml version="1.0" encoding="UTF-8"?>
<!-- Generated by org.testng.reporters.JUnitReportReporter -->
<testsuite hostname="Luckys-Laptop.local" failures="0" tests="3" name="demoTest.Prog1Test" time="0.007" errors="0" timestamp="2024-05-14T11:52:18 IST" skipped="0">
  <testcase classname="demoTest.Prog1Test" name="m1" time="0.006"/>
  <system-out/>
  <testcase classname="demoTest.Prog1Test" name="m3" time="0.001"/>
  <system-out/>
  <testcase classname="demoTest.Prog1Test" name="m2" time="0.000"/>
  <system-out/>
</testsuite> <!-- demoTest.Prog1Test -->
